<?xml version="1.0" encoding="UTF-8"?>
<testsuite name="com.example.just.MemberTest" tests="6" skipped="0" failures="0" errors="0" timestamp="2023-11-05T07:29:06" hostname="LeeSeongHyeonui-MacBookAir.local" time="3.617">
  <properties/>
  <testcase name="시크릿 키가 틀린 토큰" classname="com.example.just.MemberTest" time="0.45"/>
  <testcase name="리프레시로 getMember" classname="com.example.just.MemberTest" time="2.994"/>
  <testcase name="토큰 생성" classname="com.example.just.MemberTest" time="0.036"/>
  <testcase name="토큰값 확인" classname="com.example.just.MemberTest" time="0.022"/>
  <testcase name="시크릿 키가 틀린 토큰" classname="com.example.just.MemberTest" time="0.017"/>
  <testcase name="만료된 토큰 확인" classname="com.example.just.MemberTest" time="0.021"/>
  <system-out><![CDATA[16:28:50.356 [Test worker] DEBUG org.springframework.test.context.BootstrapUtils - Instantiating CacheAwareContextLoaderDelegate from class [org.springframework.test.context.cache.DefaultCacheAwareContextLoaderDelegate]
16:28:50.368 [Test worker] DEBUG org.springframework.test.context.BootstrapUtils - Instantiating BootstrapContext using constructor [public org.springframework.test.context.support.DefaultBootstrapContext(java.lang.Class,org.springframework.test.context.CacheAwareContextLoaderDelegate)]
16:28:50.438 [Test worker] DEBUG org.springframework.test.context.BootstrapUtils - Instantiating TestContextBootstrapper for test class [com.example.just.MemberTest] from class [org.springframework.boot.test.context.SpringBootTestContextBootstrapper]
16:28:50.453 [Test worker] INFO org.springframework.boot.test.context.SpringBootTestContextBootstrapper - Neither @ContextConfiguration nor @ContextHierarchy found for test class [com.example.just.MemberTest], using SpringBootContextLoader
16:28:50.457 [Test worker] DEBUG org.springframework.test.context.support.AbstractContextLoader - Did not detect default resource location for test class [com.example.just.MemberTest]: class path resource [com/example/just/MemberTest-context.xml] does not exist
16:28:50.458 [Test worker] DEBUG org.springframework.test.context.support.AbstractContextLoader - Did not detect default resource location for test class [com.example.just.MemberTest]: class path resource [com/example/just/MemberTestContext.groovy] does not exist
16:28:50.458 [Test worker] INFO org.springframework.test.context.support.AbstractContextLoader - Could not detect default resource locations for test class [com.example.just.MemberTest]: no resource found for suffixes {-context.xml, Context.groovy}.
16:28:50.459 [Test worker] INFO org.springframework.test.context.support.AnnotationConfigContextLoaderUtils - Could not detect default configuration classes for test class [com.example.just.MemberTest]: MemberTest does not declare any static, non-private, non-final, nested classes annotated with @Configuration.
16:28:50.639 [Test worker] DEBUG org.springframework.context.annotation.ClassPathScanningCandidateComponentProvider - Identified candidate component class: file [/Users/leeseonghyeon/Documents/Just/Just/build/classes/java/main/com/example/just/JustApplication.class]
16:28:50.640 [Test worker] INFO org.springframework.boot.test.context.SpringBootTestContextBootstrapper - Found @SpringBootConfiguration com.example.just.JustApplication for test class com.example.just.MemberTest
16:28:50.799 [Test worker] DEBUG org.springframework.boot.test.context.SpringBootTestContextBootstrapper - @TestExecutionListeners is not present for class [com.example.just.MemberTest]: using defaults.
16:28:50.800 [Test worker] INFO org.springframework.boot.test.context.SpringBootTestContextBootstrapper - Loaded default TestExecutionListener class names from location [META-INF/spring.factories]: [org.springframework.boot.test.autoconfigure.restdocs.RestDocsTestExecutionListener, org.springframework.boot.test.autoconfigure.web.client.MockRestServiceServerResetTestExecutionListener, org.springframework.boot.test.autoconfigure.web.servlet.MockMvcPrintOnlyOnFailureTestExecutionListener, org.springframework.boot.test.autoconfigure.web.servlet.WebDriverTestExecutionListener, org.springframework.boot.test.autoconfigure.webservices.client.MockWebServiceServerTestExecutionListener, org.springframework.boot.test.mock.mockito.MockitoTestExecutionListener, org.springframework.boot.test.mock.mockito.ResetMocksTestExecutionListener, org.springframework.test.context.web.ServletTestExecutionListener, org.springframework.test.context.support.DirtiesContextBeforeModesTestExecutionListener, org.springframework.test.context.event.ApplicationEventsTestExecutionListener, org.springframework.test.context.support.DependencyInjectionTestExecutionListener, org.springframework.test.context.support.DirtiesContextTestExecutionListener, org.springframework.test.context.transaction.TransactionalTestExecutionListener, org.springframework.test.context.jdbc.SqlScriptsTestExecutionListener, org.springframework.test.context.event.EventPublishingTestExecutionListener]
16:28:50.815 [Test worker] INFO org.springframework.boot.test.context.SpringBootTestContextBootstrapper - Using TestExecutionListeners: [org.springframework.test.context.web.ServletTestExecutionListener@7bfc3126, org.springframework.test.context.support.DirtiesContextBeforeModesTestExecutionListener@3e792ce3, org.springframework.test.context.event.ApplicationEventsTestExecutionListener@53bc1328, org.springframework.boot.test.mock.mockito.MockitoTestExecutionListener@26f143ed, org.springframework.boot.test.autoconfigure.SpringBootDependencyInjectionTestExecutionListener@3c1e3314, org.springframework.test.context.support.DirtiesContextTestExecutionListener@4b770e40, org.springframework.test.context.transaction.TransactionalTestExecutionListener@78e16155, org.springframework.test.context.jdbc.SqlScriptsTestExecutionListener@54a3ab8f, org.springframework.test.context.event.EventPublishingTestExecutionListener@1968a49c, org.springframework.boot.test.autoconfigure.restdocs.RestDocsTestExecutionListener@6a1ebcff, org.springframework.boot.test.autoconfigure.web.client.MockRestServiceServerResetTestExecutionListener@19868320, org.springframework.boot.test.autoconfigure.web.servlet.MockMvcPrintOnlyOnFailureTestExecutionListener@50b0bc4c, org.springframework.boot.test.autoconfigure.web.servlet.WebDriverTestExecutionListener@c20be82, org.springframework.boot.test.autoconfigure.webservices.client.MockWebServiceServerTestExecutionListener@13c612bd, org.springframework.boot.test.mock.mockito.ResetMocksTestExecutionListener@3ef41c66]
16:28:50.818 [Test worker] DEBUG org.springframework.test.context.support.AbstractDirtiesContextTestExecutionListener - Before test class: context [DefaultTestContext@eadb475 testClass = MemberTest, testInstance = [null], testMethod = [null], testException = [null], mergedContextConfiguration = [WebMergedContextConfiguration@4d4d48a6 testClass = MemberTest, locations = '{}', classes = '{class com.example.just.JustApplication}', contextInitializerClasses = '[]', activeProfiles = '{test}', propertySourceLocations = '{}', propertySourceProperties = '{org.springframework.boot.test.context.SpringBootTestContextBootstrapper=true}', contextCustomizers = set[org.springframework.boot.test.autoconfigure.actuate.metrics.MetricsExportContextCustomizerFactory$DisableMetricExportContextCustomizer@75f5fd58, org.springframework.boot.test.autoconfigure.properties.PropertyMappingContextCustomizer@0, org.springframework.boot.test.autoconfigure.web.servlet.WebDriverContextCustomizerFactory$Customizer@192d74fb, org.springframework.boot.test.context.filter.ExcludeFilterContextCustomizer@66ce957f, org.springframework.boot.test.json.DuplicateJsonObjectContextCustomizerFactory$DuplicateJsonObjectContextCustomizer@efde75f, org.springframework.boot.test.mock.mockito.MockitoContextCustomizer@0, org.springframework.boot.test.web.client.TestRestTemplateContextCustomizer@7894f09b, org.springframework.boot.test.context.SpringBootTestArgs@1, org.springframework.boot.test.context.SpringBootTestWebEnvironment@6dd7b5a3], resourceBasePath = 'src/main/webapp', contextLoader = 'org.springframework.boot.test.context.SpringBootContextLoader', parent = [null]], attributes = map['org.springframework.test.context.web.ServletTestExecutionListener.activateListener' -> true]], class annotated with @DirtiesContext [false] with mode [null].

  .   ____          _            __ _ _
 /\\ / ___'_ __ _ _(_)_ __  __ _ \ \ \ \
( ( )\___ | '_ | '_| | '_ \/ _` | \ \ \ \
 \\/  ___)| |_)| | | | | || (_| |  ) ) ) )
  '  |____| .__|_| |_|_| |_\__, | / / / /
 =========|_|==============|___/=/_/_/_/
 :: Spring Boot ::                (v2.7.7)

2023-11-05 16:28:51.932  INFO 37080 --- [    Test worker] com.example.just.MemberTest              : Starting MemberTest using Java 11.0.11 on LeeSeongHyeonui-MacBookAir.local with PID 37080 (started by leeseonghyeon in /Users/leeseonghyeon/Documents/Just/Just)
2023-11-05 16:28:51.936  INFO 37080 --- [    Test worker] com.example.just.MemberTest              : The following 1 profile is active: "test"
2023-11-05 16:28:54.375  INFO 37080 --- [    Test worker] .s.d.r.c.RepositoryConfigurationDelegate : Bootstrapping Spring Data JPA repositories in DEFAULT mode.
2023-11-05 16:28:54.557  INFO 37080 --- [    Test worker] .s.d.r.c.RepositoryConfigurationDelegate : Finished Spring Data repository scanning in 170 ms. Found 5 JPA repository interfaces.
2023-11-05 16:28:56.380  INFO 37080 --- [    Test worker] trationDelegate$BeanPostProcessorChecker : Bean 'org.springframework.security.access.expression.method.DefaultMethodSecurityExpressionHandler@2262f0d8' of type [org.springframework.security.access.expression.method.DefaultMethodSecurityExpressionHandler] is not eligible for getting processed by all BeanPostProcessors (for example: not eligible for auto-proxying)
2023-11-05 16:28:56.409  INFO 37080 --- [    Test worker] trationDelegate$BeanPostProcessorChecker : Bean 'methodSecurityMetadataSource' of type [org.springframework.security.access.method.DelegatingMethodSecurityMetadataSource] is not eligible for getting processed by all BeanPostProcessors (for example: not eligible for auto-proxying)
2023-11-05 16:28:57.183  INFO 37080 --- [    Test worker] o.hibernate.jpa.internal.util.LogHelper  : HHH000204: Processing PersistenceUnitInfo [name: default]
2023-11-05 16:28:57.240  INFO 37080 --- [    Test worker] org.hibernate.Version                    : HHH000412: Hibernate ORM core version 5.6.14.Final
2023-11-05 16:28:57.479  INFO 37080 --- [    Test worker] o.hibernate.annotations.common.Version   : HCANN000001: Hibernate Commons Annotations {5.1.2.Final}
2023-11-05 16:28:57.661  INFO 37080 --- [    Test worker] com.zaxxer.hikari.HikariDataSource       : HikariPool-1 - Starting...
2023-11-05 16:28:58.174  INFO 37080 --- [    Test worker] com.zaxxer.hikari.HikariDataSource       : HikariPool-1 - Start completed.
2023-11-05 16:28:58.196  INFO 37080 --- [    Test worker] org.hibernate.dialect.Dialect            : HHH000400: Using dialect: org.hibernate.dialect.MySQL5InnoDBDialect
2023-11-05 16:28:59.852  INFO 37080 --- [    Test worker] o.h.e.t.j.p.i.JtaPlatformInitiator       : HHH000490: Using JtaPlatform implementation: [org.hibernate.engine.transaction.jta.platform.internal.NoJtaPlatform]
2023-11-05 16:28:59.865  INFO 37080 --- [    Test worker] j.LocalContainerEntityManagerFactoryBean : Initialized JPA EntityManagerFactory for persistence unit 'default'
2023-11-05 16:29:02.820  INFO 37080 --- [    Test worker] o.s.s.web.DefaultSecurityFilterChain     : Will not secure Ant [pattern='/api/**']
2023-11-05 16:29:02.821  INFO 37080 --- [    Test worker] o.s.s.web.DefaultSecurityFilterChain     : Will not secure Ant [pattern='/h2-console']
2023-11-05 16:29:02.821  INFO 37080 --- [    Test worker] o.s.s.web.DefaultSecurityFilterChain     : Will not secure Ant [pattern='/swagger/**']
2023-11-05 16:29:02.822  INFO 37080 --- [    Test worker] o.s.s.web.DefaultSecurityFilterChain     : Will not secure Ant [pattern='/swagger-ui/**']
2023-11-05 16:29:02.967  INFO 37080 --- [    Test worker] o.s.s.web.DefaultSecurityFilterChain     : Will secure any request with [org.springframework.security.web.context.request.async.WebAsyncManagerIntegrationFilter@47fca369, org.springframework.security.web.context.SecurityContextPersistenceFilter@53d94a6b, org.springframework.security.web.header.HeaderWriterFilter@1ee04ff6, org.springframework.security.web.authentication.logout.LogoutFilter@42599b84, com.example.just.jwt.JwtFilter@296a350, org.springframework.security.web.savedrequest.RequestCacheAwareFilter@394c77e2, org.springframework.security.web.servletapi.SecurityContextHolderAwareRequestFilter@293988dc, org.springframework.security.web.authentication.AnonymousAuthenticationFilter@4f3a8e3e, org.springframework.security.web.session.SessionManagementFilter@5c70eda4, org.springframework.security.web.access.ExceptionTranslationFilter@9751c9, org.springframework.security.web.access.intercept.FilterSecurityInterceptor@6b9ce7a3]
2023-11-05 16:29:03.626  INFO 37080 --- [    Test worker] o.s.b.a.w.s.WelcomePageHandlerMapping    : Adding welcome page template: index
2023-11-05 16:29:06.191  INFO 37080 --- [    Test worker] com.example.just.MemberTest              : Started MemberTest in 15.247 seconds (JVM running for 17.311)
]]></system-out>
  <system-err><![CDATA[]]></system-err>
</testsuite>
