<?xml version="1.0" encoding="UTF-8"?>
<testsuite name="com.example.just.MemberTest" tests="6" skipped="0" failures="0" errors="0" timestamp="2023-11-04T09:15:37" hostname="LeeSeongHyeonui-MacBookAir.local" time="3.535">
  <properties/>
  <testcase name="시크릿 키가 틀린 토큰" classname="com.example.just.MemberTest" time="0.479"/>
  <testcase name="리프레시로 getMember" classname="com.example.just.MemberTest" time="2.95"/>
  <testcase name="토큰 생성" classname="com.example.just.MemberTest" time="0.027"/>
  <testcase name="토큰값 확인" classname="com.example.just.MemberTest" time="0.014"/>
  <testcase name="시크릿 키가 틀린 토큰" classname="com.example.just.MemberTest" time="0.006"/>
  <testcase name="만료된 토큰 확인" classname="com.example.just.MemberTest" time="0.011"/>
  <system-out><![CDATA[18:15:22.565 [Test worker] DEBUG org.springframework.test.context.BootstrapUtils - Instantiating CacheAwareContextLoaderDelegate from class [org.springframework.test.context.cache.DefaultCacheAwareContextLoaderDelegate]
18:15:22.574 [Test worker] DEBUG org.springframework.test.context.BootstrapUtils - Instantiating BootstrapContext using constructor [public org.springframework.test.context.support.DefaultBootstrapContext(java.lang.Class,org.springframework.test.context.CacheAwareContextLoaderDelegate)]
18:15:22.625 [Test worker] DEBUG org.springframework.test.context.BootstrapUtils - Instantiating TestContextBootstrapper for test class [com.example.just.MemberTest] from class [org.springframework.boot.test.context.SpringBootTestContextBootstrapper]
18:15:22.638 [Test worker] INFO org.springframework.boot.test.context.SpringBootTestContextBootstrapper - Neither @ContextConfiguration nor @ContextHierarchy found for test class [com.example.just.MemberTest], using SpringBootContextLoader
18:15:22.641 [Test worker] DEBUG org.springframework.test.context.support.AbstractContextLoader - Did not detect default resource location for test class [com.example.just.MemberTest]: class path resource [com/example/just/MemberTest-context.xml] does not exist
18:15:22.644 [Test worker] DEBUG org.springframework.test.context.support.AbstractContextLoader - Did not detect default resource location for test class [com.example.just.MemberTest]: class path resource [com/example/just/MemberTestContext.groovy] does not exist
18:15:22.644 [Test worker] INFO org.springframework.test.context.support.AbstractContextLoader - Could not detect default resource locations for test class [com.example.just.MemberTest]: no resource found for suffixes {-context.xml, Context.groovy}.
18:15:22.645 [Test worker] INFO org.springframework.test.context.support.AnnotationConfigContextLoaderUtils - Could not detect default configuration classes for test class [com.example.just.MemberTest]: MemberTest does not declare any static, non-private, non-final, nested classes annotated with @Configuration.
18:15:22.794 [Test worker] DEBUG org.springframework.context.annotation.ClassPathScanningCandidateComponentProvider - Identified candidate component class: file [/Users/leeseonghyeon/Documents/Just/Just/build/classes/java/main/com/example/just/JustApplication.class]
18:15:22.797 [Test worker] INFO org.springframework.boot.test.context.SpringBootTestContextBootstrapper - Found @SpringBootConfiguration com.example.just.JustApplication for test class com.example.just.MemberTest
18:15:22.911 [Test worker] DEBUG org.springframework.boot.test.context.SpringBootTestContextBootstrapper - @TestExecutionListeners is not present for class [com.example.just.MemberTest]: using defaults.
18:15:22.913 [Test worker] INFO org.springframework.boot.test.context.SpringBootTestContextBootstrapper - Loaded default TestExecutionListener class names from location [META-INF/spring.factories]: [org.springframework.boot.test.autoconfigure.restdocs.RestDocsTestExecutionListener, org.springframework.boot.test.autoconfigure.web.client.MockRestServiceServerResetTestExecutionListener, org.springframework.boot.test.autoconfigure.web.servlet.MockMvcPrintOnlyOnFailureTestExecutionListener, org.springframework.boot.test.autoconfigure.web.servlet.WebDriverTestExecutionListener, org.springframework.boot.test.autoconfigure.webservices.client.MockWebServiceServerTestExecutionListener, org.springframework.boot.test.mock.mockito.MockitoTestExecutionListener, org.springframework.boot.test.mock.mockito.ResetMocksTestExecutionListener, org.springframework.test.context.web.ServletTestExecutionListener, org.springframework.test.context.support.DirtiesContextBeforeModesTestExecutionListener, org.springframework.test.context.event.ApplicationEventsTestExecutionListener, org.springframework.test.context.support.DependencyInjectionTestExecutionListener, org.springframework.test.context.support.DirtiesContextTestExecutionListener, org.springframework.test.context.transaction.TransactionalTestExecutionListener, org.springframework.test.context.jdbc.SqlScriptsTestExecutionListener, org.springframework.test.context.event.EventPublishingTestExecutionListener]
18:15:22.940 [Test worker] INFO org.springframework.boot.test.context.SpringBootTestContextBootstrapper - Using TestExecutionListeners: [org.springframework.test.context.web.ServletTestExecutionListener@7bfc3126, org.springframework.test.context.support.DirtiesContextBeforeModesTestExecutionListener@3e792ce3, org.springframework.test.context.event.ApplicationEventsTestExecutionListener@53bc1328, org.springframework.boot.test.mock.mockito.MockitoTestExecutionListener@26f143ed, org.springframework.boot.test.autoconfigure.SpringBootDependencyInjectionTestExecutionListener@3c1e3314, org.springframework.test.context.support.DirtiesContextTestExecutionListener@4b770e40, org.springframework.test.context.transaction.TransactionalTestExecutionListener@78e16155, org.springframework.test.context.jdbc.SqlScriptsTestExecutionListener@54a3ab8f, org.springframework.test.context.event.EventPublishingTestExecutionListener@1968a49c, org.springframework.boot.test.autoconfigure.restdocs.RestDocsTestExecutionListener@6a1ebcff, org.springframework.boot.test.autoconfigure.web.client.MockRestServiceServerResetTestExecutionListener@19868320, org.springframework.boot.test.autoconfigure.web.servlet.MockMvcPrintOnlyOnFailureTestExecutionListener@50b0bc4c, org.springframework.boot.test.autoconfigure.web.servlet.WebDriverTestExecutionListener@c20be82, org.springframework.boot.test.autoconfigure.webservices.client.MockWebServiceServerTestExecutionListener@13c612bd, org.springframework.boot.test.mock.mockito.ResetMocksTestExecutionListener@3ef41c66]
18:15:22.968 [Test worker] DEBUG org.springframework.test.context.support.AbstractDirtiesContextTestExecutionListener - Before test class: context [DefaultTestContext@eadb475 testClass = MemberTest, testInstance = [null], testMethod = [null], testException = [null], mergedContextConfiguration = [WebMergedContextConfiguration@4d4d48a6 testClass = MemberTest, locations = '{}', classes = '{class com.example.just.JustApplication}', contextInitializerClasses = '[]', activeProfiles = '{test}', propertySourceLocations = '{}', propertySourceProperties = '{org.springframework.boot.test.context.SpringBootTestContextBootstrapper=true}', contextCustomizers = set[org.springframework.boot.test.autoconfigure.actuate.metrics.MetricsExportContextCustomizerFactory$DisableMetricExportContextCustomizer@75f5fd58, org.springframework.boot.test.autoconfigure.properties.PropertyMappingContextCustomizer@0, org.springframework.boot.test.autoconfigure.web.servlet.WebDriverContextCustomizerFactory$Customizer@192d74fb, org.springframework.boot.test.context.filter.ExcludeFilterContextCustomizer@66ce957f, org.springframework.boot.test.json.DuplicateJsonObjectContextCustomizerFactory$DuplicateJsonObjectContextCustomizer@efde75f, org.springframework.boot.test.mock.mockito.MockitoContextCustomizer@0, org.springframework.boot.test.web.client.TestRestTemplateContextCustomizer@7894f09b, org.springframework.boot.test.context.SpringBootTestArgs@1, org.springframework.boot.test.context.SpringBootTestWebEnvironment@6dd7b5a3], resourceBasePath = 'src/main/webapp', contextLoader = 'org.springframework.boot.test.context.SpringBootContextLoader', parent = [null]], attributes = map['org.springframework.test.context.web.ServletTestExecutionListener.activateListener' -> true]], class annotated with @DirtiesContext [false] with mode [null].

  .   ____          _            __ _ _
 /\\ / ___'_ __ _ _(_)_ __  __ _ \ \ \ \
( ( )\___ | '_ | '_| | '_ \/ _` | \ \ \ \
 \\/  ___)| |_)| | | | | || (_| |  ) ) ) )
  '  |____| .__|_| |_|_| |_\__, | / / / /
 =========|_|==============|___/=/_/_/_/
 :: Spring Boot ::                (v2.7.7)

2023-11-04 18:15:23.851  INFO 19159 --- [    Test worker] com.example.just.MemberTest              : Starting MemberTest using Java 11.0.11 on LeeSeongHyeonui-MacBookAir.local with PID 19159 (started by leeseonghyeon in /Users/leeseonghyeon/Documents/Just/Just)
2023-11-04 18:15:23.853  INFO 19159 --- [    Test worker] com.example.just.MemberTest              : The following 1 profile is active: "test"
2023-11-04 18:15:26.077  INFO 19159 --- [    Test worker] .s.d.r.c.RepositoryConfigurationDelegate : Bootstrapping Spring Data JPA repositories in DEFAULT mode.
2023-11-04 18:15:26.229  INFO 19159 --- [    Test worker] .s.d.r.c.RepositoryConfigurationDelegate : Finished Spring Data repository scanning in 142 ms. Found 5 JPA repository interfaces.
2023-11-04 18:15:27.287  INFO 19159 --- [    Test worker] trationDelegate$BeanPostProcessorChecker : Bean 'org.springframework.security.access.expression.method.DefaultMethodSecurityExpressionHandler@1c00d406' of type [org.springframework.security.access.expression.method.DefaultMethodSecurityExpressionHandler] is not eligible for getting processed by all BeanPostProcessors (for example: not eligible for auto-proxying)
2023-11-04 18:15:27.315  INFO 19159 --- [    Test worker] trationDelegate$BeanPostProcessorChecker : Bean 'methodSecurityMetadataSource' of type [org.springframework.security.access.method.DelegatingMethodSecurityMetadataSource] is not eligible for getting processed by all BeanPostProcessors (for example: not eligible for auto-proxying)
2023-11-04 18:15:27.906  INFO 19159 --- [    Test worker] o.hibernate.jpa.internal.util.LogHelper  : HHH000204: Processing PersistenceUnitInfo [name: default]
2023-11-04 18:15:27.962  INFO 19159 --- [    Test worker] org.hibernate.Version                    : HHH000412: Hibernate ORM core version 5.6.14.Final
2023-11-04 18:15:28.192  INFO 19159 --- [    Test worker] o.hibernate.annotations.common.Version   : HCANN000001: Hibernate Commons Annotations {5.1.2.Final}
2023-11-04 18:15:28.301  INFO 19159 --- [    Test worker] com.zaxxer.hikari.HikariDataSource       : HikariPool-1 - Starting...
2023-11-04 18:15:29.088  INFO 19159 --- [    Test worker] com.zaxxer.hikari.HikariDataSource       : HikariPool-1 - Start completed.
2023-11-04 18:15:29.106  INFO 19159 --- [    Test worker] org.hibernate.dialect.Dialect            : HHH000400: Using dialect: org.hibernate.dialect.MySQL5InnoDBDialect
2023-11-04 18:15:30.597  INFO 19159 --- [    Test worker] o.h.e.t.j.p.i.JtaPlatformInitiator       : HHH000490: Using JtaPlatform implementation: [org.hibernate.engine.transaction.jta.platform.internal.NoJtaPlatform]
2023-11-04 18:15:30.608  INFO 19159 --- [    Test worker] j.LocalContainerEntityManagerFactoryBean : Initialized JPA EntityManagerFactory for persistence unit 'default'
2023-11-04 18:15:33.825  INFO 19159 --- [    Test worker] o.s.s.web.DefaultSecurityFilterChain     : Will not secure Ant [pattern='/api/**']
2023-11-04 18:15:33.825  INFO 19159 --- [    Test worker] o.s.s.web.DefaultSecurityFilterChain     : Will not secure Ant [pattern='/h2-console']
2023-11-04 18:15:33.825  INFO 19159 --- [    Test worker] o.s.s.web.DefaultSecurityFilterChain     : Will not secure Ant [pattern='/swagger/**']
2023-11-04 18:15:33.826  INFO 19159 --- [    Test worker] o.s.s.web.DefaultSecurityFilterChain     : Will not secure Ant [pattern='/swagger-ui/**']
2023-11-04 18:15:33.970  INFO 19159 --- [    Test worker] o.s.s.web.DefaultSecurityFilterChain     : Will secure any request with [org.springframework.security.web.context.request.async.WebAsyncManagerIntegrationFilter@6db160b4, org.springframework.security.web.context.SecurityContextPersistenceFilter@63019596, org.springframework.security.web.header.HeaderWriterFilter@331fe6d4, org.springframework.security.web.authentication.logout.LogoutFilter@20dfe8b2, com.example.just.jwt.JwtFilter@64ee9290, org.springframework.security.web.savedrequest.RequestCacheAwareFilter@51bba775, org.springframework.security.web.servletapi.SecurityContextHolderAwareRequestFilter@23f16852, org.springframework.security.web.authentication.AnonymousAuthenticationFilter@17e7cc67, org.springframework.security.web.session.SessionManagementFilter@49620576, org.springframework.security.web.access.ExceptionTranslationFilter@2823bd30, org.springframework.security.web.access.intercept.FilterSecurityInterceptor@7b0a69b9]
2023-11-04 18:15:34.738  INFO 19159 --- [    Test worker] o.s.b.a.w.s.WelcomePageHandlerMapping    : Adding welcome page template: index
2023-11-04 18:15:37.612  INFO 19159 --- [    Test worker] com.example.just.MemberTest              : Started MemberTest in 14.57 seconds (JVM running for 16.391)
]]></system-out>
  <system-err><![CDATA[]]></system-err>
</testsuite>
